08/04/22 02:16:55 ******************************************************
08/04/22 02:16:55 ** condor_scheduniv_exec.13.0 (CONDOR_DAGMAN) STARTING UP
08/04/22 02:16:55 ** /usr/bin/condor_dagman
08/04/22 02:16:55 ** SubsystemInfo: name=DAGMAN type=DAGMAN(10) class=CLIENT(2)
08/04/22 02:16:55 ** Configuration: subsystem:DAGMAN local:<NONE> class:CLIENT
08/04/22 02:16:55 ** $CondorVersion: 9.9.0 2022-05-28 BuildID: 589289 PackageID: 9.9.0-1 $
08/04/22 02:16:55 ** $CondorPlatform: x86_64_CentOS7 $
08/04/22 02:16:55 ** PID = 120
08/04/22 02:16:55 ** Log last touched time unavailable (No such file or directory)
08/04/22 02:16:55 ******************************************************
08/04/22 02:16:55 Using config source: /etc/condor/condor_config
08/04/22 02:16:55 Using local config sources: 
08/04/22 02:16:55    /etc/condor/config.d/01-submit.config
08/04/22 02:16:55    /etc/condor/condor_config.local
08/04/22 02:16:55 config Macros = 69, Sorted = 69, StringBytes = 1850, TablesBytes = 2532
08/04/22 02:16:55 CLASSAD_CACHING is ENABLED
08/04/22 02:16:55 Daemon Log is logging: D_ALWAYS D_ERROR D_STATUS
08/04/22 02:16:55 DaemonCore: No command port requested.
08/04/22 02:16:55 DAGMAN_USE_STRICT setting: 1
08/04/22 02:16:55 DAGMAN_VERBOSITY setting: 3
08/04/22 02:16:55 DAGMAN_DEBUG_CACHE_SIZE setting: 5242880
08/04/22 02:16:55 DAGMAN_DEBUG_CACHE_ENABLE setting: False
08/04/22 02:16:55 DAGMAN_SUBMIT_DELAY setting: 0
08/04/22 02:16:55 DAGMAN_MAX_SUBMIT_ATTEMPTS setting: 6
08/04/22 02:16:55 DAGMAN_STARTUP_CYCLE_DETECT setting: False
08/04/22 02:16:55 DAGMAN_MAX_SUBMITS_PER_INTERVAL setting: 100
08/04/22 02:16:55 DAGMAN_AGGRESSIVE_SUBMIT setting: False
08/04/22 02:16:55 DAGMAN_USER_LOG_SCAN_INTERVAL setting: 5
08/04/22 02:16:55 DAGMAN_QUEUE_UPDATE_INTERVAL setting: 300
08/04/22 02:16:55 DAGMAN_DEFAULT_PRIORITY setting: 0
08/04/22 02:16:55 DAGMAN_SUPPRESS_NOTIFICATION setting: True
08/04/22 02:16:55 allow_events (DAGMAN_ALLOW_EVENTS) setting: 114
08/04/22 02:16:55 DAGMAN_RETRY_SUBMIT_FIRST setting: True
08/04/22 02:16:55 DAGMAN_RETRY_NODE_FIRST setting: False
08/04/22 02:16:55 DAGMAN_MAX_JOBS_IDLE setting: 1000
08/04/22 02:16:55 DAGMAN_MAX_JOBS_SUBMITTED setting: 0
08/04/22 02:16:55 DAGMAN_MAX_PRE_SCRIPTS setting: 20
08/04/22 02:16:55 DAGMAN_MAX_POST_SCRIPTS setting: 20
08/04/22 02:16:55 DAGMAN_MAX_HOLD_SCRIPTS setting: 20
08/04/22 02:16:55 DAGMAN_MUNGE_NODE_NAMES setting: True
08/04/22 02:16:55 DAGMAN_PROHIBIT_MULTI_JOBS setting: False
08/04/22 02:16:55 DAGMAN_SUBMIT_DEPTH_FIRST setting: False
08/04/22 02:16:55 DAGMAN_ALWAYS_RUN_POST setting: False
08/04/22 02:16:55 DAGMAN_CONDOR_SUBMIT_EXE setting: /usr/bin/condor_submit
08/04/22 02:16:55 DAGMAN_USE_DIRECT_SUBMIT setting: True
08/04/22 02:16:55 DAGMAN_ABORT_DUPLICATES setting: True
08/04/22 02:16:55 DAGMAN_ABORT_ON_SCARY_SUBMIT setting: True
08/04/22 02:16:55 DAGMAN_PENDING_REPORT_INTERVAL setting: 600
08/04/22 02:16:55 DAGMAN_AUTO_RESCUE setting: True
08/04/22 02:16:55 DAGMAN_MAX_RESCUE_NUM setting: 100
08/04/22 02:16:55 DAGMAN_WRITE_PARTIAL_RESCUE setting: True
08/04/22 02:16:55 DAGMAN_DEFAULT_NODE_LOG setting: @(DAG_DIR)/@(DAG_FILE).nodes.log
08/04/22 02:16:55 DAGMAN_GENERATE_SUBDAG_SUBMITS setting: True
08/04/22 02:16:55 DAGMAN_MAX_JOB_HOLDS setting: 100
08/04/22 02:16:55 DAGMAN_HOLD_CLAIM_TIME setting: 20
08/04/22 02:16:55 ALL_DEBUG setting: 
08/04/22 02:16:55 DAGMAN_DEBUG setting: 
08/04/22 02:16:55 DAGMAN_SUPPRESS_JOB_LOGS setting: False
08/04/22 02:16:55 DAGMAN_REMOVE_NODE_JOBS setting: True
08/04/22 02:16:55 DAGMAN will adjust edges after parsing
08/04/22 02:16:55 argv[0] == "condor_scheduniv_exec.13.0"
08/04/22 02:16:55 argv[1] == "-Lockfile"
08/04/22 02:16:55 argv[2] == "dag.condor_dag.lock"
08/04/22 02:16:55 argv[3] == "-AutoRescue"
08/04/22 02:16:55 argv[4] == "1"
08/04/22 02:16:55 argv[5] == "-DoRescueFrom"
08/04/22 02:16:55 argv[6] == "0"
08/04/22 02:16:55 argv[7] == "-Dag"
08/04/22 02:16:55 argv[8] == "dag.condor_dag"
08/04/22 02:16:55 argv[9] == "-Suppress_notification"
08/04/22 02:16:55 argv[10] == "-CsdVersion"
08/04/22 02:16:55 argv[11] == "$CondorVersion: 9.9.0 2022-05-28 BuildID: 589289 PackageID: 9.9.0-1 $"
08/04/22 02:16:55 argv[12] == "-Dagman"
08/04/22 02:16:55 argv[13] == "/usr/bin/condor_dagman"
08/04/22 02:16:55 Can't open directory "/etc/condor/passwords.d" as PRIV_ROOT, errno: 13 (Permission denied)
08/04/22 02:16:55 Can't open directory "/etc/condor/passwords.d" as PRIV_ROOT, errno: 13 (Permission denied)
08/04/22 02:16:55 TOKEN: No token found.
08/04/22 02:16:55 Workflow batch-id: <13.0>
08/04/22 02:16:55 Workflow batch-name: <dag.condor_dag+13>
08/04/22 02:16:55 Workflow accounting_group: <>
08/04/22 02:16:55 Workflow accounting_group_user: <>
08/04/22 02:16:55 Warning: failed to get attribute DAGNodeName
08/04/22 02:16:55 DAGMAN_LOG_ON_NFS_IS_ERROR setting: False
08/04/22 02:16:55 Default node log file is: </htcondor_examples/tarea_dag/./dag.condor_dag.nodes.log>
08/04/22 02:16:55 DAG Lockfile will be written to dag.condor_dag.lock
08/04/22 02:16:55 DAG Input file is dag.condor_dag
08/04/22 02:16:55 Parsing 1 dagfiles
08/04/22 02:16:55 Parsing dag.condor_dag ...
08/04/22 02:16:55 Adjusting edges
08/04/22 02:16:55 Dag contains 6 total jobs
08/04/22 02:16:55 Bootstrapping...
08/04/22 02:16:55 Number of pre-completed nodes: 0
08/04/22 02:16:55 MultiLogFiles: truncating log file /htcondor_examples/tarea_dag/./dag.condor_dag.nodes.log
08/04/22 02:16:55 DAG status: 0 (DAG_STATUS_OK)
08/04/22 02:16:55 Of 6 nodes total:
08/04/22 02:16:55  Done     Pre   Queued    Post   Ready   Un-Ready   Failed
08/04/22 02:16:55   ===     ===      ===     ===     ===        ===      ===
08/04/22 02:16:55     0       0        0       0       1          5        0
08/04/22 02:16:55 0 job proc(s) currently held
08/04/22 02:16:55 DAGMan Runtime Statistics: [ EventCycleTimeCount = 0.0; EventCycleTimeSum = 0.0; LogProcessCycleTimeCount = 0.0; LogProcessCycleTimeSum = 0.0; SleepCycleTimeCount = 0.0; SleepCycleTimeSum = 0.0; SubmitCycleTimeCount = 0.0; SubmitCycleTimeSum = 0.0; ]
08/04/22 02:16:56 Registering condor_event_timer...
08/04/22 02:16:57 Submitting HTCondor Node DOWNLOAD job(s)...
08/04/22 02:16:57 Submitting node DOWNLOAD from file download.condor using direct job submission
08/04/22 02:16:57 Submit warning: Submit:0:the line 'RETRY = 0' was unused by DAGMAN. Is it a typo?
|Submit:0:the line 'JOB = DOWNLOAD' was unused by DAGMAN. Is it a typo?
08/04/22 02:16:57 	assigned HTCondor ID (14.0.0)
08/04/22 02:16:57 Just submitted 1 job this cycle...
08/04/22 02:16:57 DAG status: 0 (DAG_STATUS_OK)
08/04/22 02:16:57 Of 6 nodes total:
08/04/22 02:16:57  Done     Pre   Queued    Post   Ready   Un-Ready   Failed
08/04/22 02:16:57   ===     ===      ===     ===     ===        ===      ===
08/04/22 02:16:57     0       0        1       0       0          5        0
08/04/22 02:16:57 0 job proc(s) currently held
08/04/22 02:16:57 DAGMan Runtime Statistics: [ EventCycleTimeCount = 0.0; EventCycleTimeSum = 0.0; LogProcessCycleTimeCount = 0.0; LogProcessCycleTimeSum = 0.0; SleepCycleTimeCount = 0.0; SleepCycleTimeSum = 0.0; SubmitCycleTimeAvg = 0.02158403396606445; SubmitCycleTimeCount = 1.0; SubmitCycleTimeMax = 0.02158403396606445; SubmitCycleTimeMin = 0.02158403396606445; SubmitCycleTimeStd = 0.02158403396606445; SubmitCycleTimeSum = 0.02158403396606445; ]
08/04/22 02:17:02 Currently monitoring 1 HTCondor log file(s)
08/04/22 02:17:02 Reassigning the id of job DOWNLOAD from (14.0.0) to (14.0.0)
08/04/22 02:17:02 Event: ULOG_SUBMIT for HTCondor Node DOWNLOAD (14.0.0) {08/04/22 02:16:57}
08/04/22 02:17:02 Number of idle job procs: 1
08/04/22 02:17:17 Currently monitoring 1 HTCondor log file(s)
08/04/22 02:17:17 Event: ULOG_EXECUTE for HTCondor Node DOWNLOAD (14.0.0) {08/04/22 02:17:16}
08/04/22 02:17:17 Number of idle job procs: 0
08/04/22 02:17:22 Currently monitoring 1 HTCondor log file(s)
08/04/22 02:17:22 Event: ULOG_JOB_TERMINATED for HTCondor Node DOWNLOAD (14.0.0) {08/04/22 02:17:19}
08/04/22 02:17:22 Number of idle job procs: 0
08/04/22 02:17:22 Node DOWNLOAD job proc (14.0.0) completed successfully.
08/04/22 02:17:22 Node DOWNLOAD job completed
08/04/22 02:17:22 DAG status: 0 (DAG_STATUS_OK)
08/04/22 02:17:22 Of 6 nodes total:
08/04/22 02:17:22  Done     Pre   Queued    Post   Ready   Un-Ready   Failed
08/04/22 02:17:22   ===     ===      ===     ===     ===        ===      ===
08/04/22 02:17:22     1       0        0       0       1          4        0
08/04/22 02:17:22 0 job proc(s) currently held
08/04/22 02:17:22 DAGMan Runtime Statistics: [ EventCycleTimeAvg = 0.004526615142822266; EventCycleTimeCount = 5.0; EventCycleTimeMax = 0.02184605598449707; EventCycleTimeMin = 2.002716064453125E-05; EventCycleTimeStd = 0.009683470349512367; EventCycleTimeSum = 0.02263307571411133; LogProcessCycleTimeAvg = 0.0003509521484375; LogProcessCycleTimeCount = 3.0; LogProcessCycleTimeMax = 0.0003688335418701172; LogProcessCycleTimeMin = 0.0003299713134765625; LogProcessCycleTimeStd = 1.961563412864365E-05; LogProcessCycleTimeSum = 0.0010528564453125; SleepCycleTimeAvg = 5.005093574523926; SleepCycleTimeCount = 5.0; SleepCycleTimeMax = 5.005351066589355; SleepCycleTimeMin = 5.004859924316406; SleepCycleTimeStd = 0.0001925308636338914; SleepCycleTimeSum = 25.02546787261963; SubmitCycleTimeAvg = 0.00360560417175293; SubmitCycleTimeCount = 6.0; SubmitCycleTimeMax = 0.02158403396606445; SubmitCycleTimeMin = 8.821487426757812E-06; SubmitCycleTimeStd = 0.008807595926908449; SubmitCycleTimeSum = 0.02163362503051758; ]
08/04/22 02:17:27 Submitting HTCondor Node CLEAN job(s)...
08/04/22 02:17:27 Submitting node CLEAN from file clean.condor using direct job submission
08/04/22 02:17:27 Submit warning: Submit:0:the line 'RETRY = 0' was unused by DAGMAN. Is it a typo?
|Submit:0:the line 'JOB = CLEAN' was unused by DAGMAN. Is it a typo?
08/04/22 02:17:27 	assigned HTCondor ID (15.0.0)
08/04/22 02:17:27 Just submitted 1 job this cycle...
08/04/22 02:17:27 DAG status: 0 (DAG_STATUS_OK)
08/04/22 02:17:27 Of 6 nodes total:
08/04/22 02:17:27  Done     Pre   Queued    Post   Ready   Un-Ready   Failed
08/04/22 02:17:27   ===     ===      ===     ===     ===        ===      ===
08/04/22 02:17:27     1       0        1       0       0          4        0
08/04/22 02:17:27 0 job proc(s) currently held
08/04/22 02:17:27 DAGMan Runtime Statistics: [ EventCycleTimeAvg = 0.003872354825337728; EventCycleTimeCount = 6.0; EventCycleTimeMax = 0.02184605598449707; EventCycleTimeMin = 2.002716064453125E-05; EventCycleTimeStd = 0.008808179027819425; EventCycleTimeSum = 0.02323412895202637; LogProcessCycleTimeAvg = 0.0003509521484375; LogProcessCycleTimeCount = 3.0; LogProcessCycleTimeMax = 0.0003688335418701172; LogProcessCycleTimeMin = 0.0003299713134765625; LogProcessCycleTimeStd = 1.961563412864365E-05; LogProcessCycleTimeSum = 0.0010528564453125; SleepCycleTimeAvg = 5.005099654197693; SleepCycleTimeCount = 6.0; SleepCycleTimeMax = 5.005351066589355; SleepCycleTimeMin = 5.004859924316406; SleepCycleTimeStd = 0.0001728475668326723; SleepCycleTimeSum = 30.03059792518616; SubmitCycleTimeAvg = 0.005492789404732841; SubmitCycleTimeCount = 7.0; SubmitCycleTimeMax = 0.02158403396606445; SubmitCycleTimeMin = 8.821487426757812E-06; SubmitCycleTimeStd = 0.009464410444825428; SubmitCycleTimeSum = 0.03844952583312988; ]
08/04/22 02:17:32 Currently monitoring 1 HTCondor log file(s)
08/04/22 02:17:32 Reassigning the id of job CLEAN from (15.0.0) to (15.0.0)
08/04/22 02:17:32 Event: ULOG_SUBMIT for HTCondor Node CLEAN (15.0.0) {08/04/22 02:17:27}
08/04/22 02:17:32 Number of idle job procs: 1
08/04/22 02:17:32 Event: ULOG_EXECUTE for HTCondor Node CLEAN (15.0.0) {08/04/22 02:17:28}
08/04/22 02:17:32 Number of idle job procs: 0
08/04/22 02:17:32 Event: ULOG_JOB_TERMINATED for HTCondor Node CLEAN (15.0.0) {08/04/22 02:17:28}
08/04/22 02:17:32 Number of idle job procs: 0
08/04/22 02:17:32 Node CLEAN job proc (15.0.0) completed successfully.
08/04/22 02:17:32 Node CLEAN job completed
08/04/22 02:17:32 DAG status: 0 (DAG_STATUS_OK)
08/04/22 02:17:32 Of 6 nodes total:
08/04/22 02:17:32  Done     Pre   Queued    Post   Ready   Un-Ready   Failed
08/04/22 02:17:32   ===     ===      ===     ===     ===        ===      ===
08/04/22 02:17:32     2       0        0       0       1          3        0
08/04/22 02:17:32 0 job proc(s) currently held
08/04/22 02:17:32 DAGMan Runtime Statistics: [ EventCycleTimeAvg = 0.005759716033935547; EventCycleTimeCount = 7.0; EventCycleTimeMax = 0.02184605598449707; EventCycleTimeMin = 2.002716064453125E-05; EventCycleTimeStd = 0.009465108265473619; EventCycleTimeSum = 0.04031801223754883; LogProcessCycleTimeAvg = 0.0005301833152770996; LogProcessCycleTimeCount = 4.0; LogProcessCycleTimeMax = 0.001067876815795898; LogProcessCycleTimeMin = 0.0003299713134765625; LogProcessCycleTimeStd = 0.0003588199549471157; LogProcessCycleTimeSum = 0.002120733261108398; SleepCycleTimeAvg = 5.005110263824463; SleepCycleTimeCount = 7.0; SleepCycleTimeMax = 5.005351066589355; SleepCycleTimeMin = 5.004859924316406; SleepCycleTimeStd = 0.0001602649381327881; SleepCycleTimeSum = 35.03577184677124; SubmitCycleTimeAvg = 0.00480768084526062; SubmitCycleTimeCount = 8.0; SubmitCycleTimeMax = 0.02158403396606445; SubmitCycleTimeMin = 8.821487426757812E-06; SubmitCycleTimeStd = 0.008974052435067621; SubmitCycleTimeSum = 0.03846144676208496; ]
08/04/22 02:17:37 Submitting HTCondor Node ADD_HEADER job(s)...
08/04/22 02:17:37 Submitting node ADD_HEADER from file add-header.condor using direct job submission
08/04/22 02:17:37 Submit warning: Submit:0:the line 'RETRY = 0' was unused by DAGMAN. Is it a typo?
|Submit:0:the line 'JOB = ADD_HEADER' was unused by DAGMAN. Is it a typo?
08/04/22 02:17:37 	assigned HTCondor ID (16.0.0)
08/04/22 02:17:37 Just submitted 1 job this cycle...
08/04/22 02:17:37 DAG status: 0 (DAG_STATUS_OK)
08/04/22 02:17:37 Of 6 nodes total:
08/04/22 02:17:37  Done     Pre   Queued    Post   Ready   Un-Ready   Failed
08/04/22 02:17:37   ===     ===      ===     ===     ===        ===      ===
08/04/22 02:17:37     2       0        1       0       0          3        0
08/04/22 02:17:37 0 job proc(s) currently held
08/04/22 02:17:37 DAGMan Runtime Statistics: [ EventCycleTimeAvg = 0.005240648984909058; EventCycleTimeCount = 8.0; EventCycleTimeMax = 0.02184605598449707; EventCycleTimeMin = 2.002716064453125E-05; EventCycleTimeStd = 0.008885122079235168; EventCycleTimeSum = 0.04192519187927246; LogProcessCycleTimeAvg = 0.0005301833152770996; LogProcessCycleTimeCount = 4.0; LogProcessCycleTimeMax = 0.001067876815795898; LogProcessCycleTimeMin = 0.0003299713134765625; LogProcessCycleTimeStd = 0.0003588199549471157; LogProcessCycleTimeSum = 0.002120733261108398; SleepCycleTimeAvg = 5.00512170791626; SleepCycleTimeCount = 8.0; SleepCycleTimeMax = 5.005351066589355; SleepCycleTimeMin = 5.004859924316406; SleepCycleTimeStd = 0.0001518661382568474; SleepCycleTimeSum = 40.04097366333008; SubmitCycleTimeAvg = 0.006918271382649739; SubmitCycleTimeCount = 9.0; SubmitCycleTimeMax = 0.0238029956817627; SubmitCycleTimeMin = 8.821487426757812E-06; SubmitCycleTimeStd = 0.01051466816963682; SubmitCycleTimeSum = 0.06226444244384766; ]
08/04/22 02:17:42 Currently monitoring 1 HTCondor log file(s)
08/04/22 02:17:42 Reassigning the id of job ADD_HEADER from (16.0.0) to (16.0.0)
08/04/22 02:17:42 Event: ULOG_SUBMIT for HTCondor Node ADD_HEADER (16.0.0) {08/04/22 02:17:37}
08/04/22 02:17:42 Number of idle job procs: 1
08/04/22 02:17:42 Event: ULOG_EXECUTE for HTCondor Node ADD_HEADER (16.0.0) {08/04/22 02:17:38}
08/04/22 02:17:42 Number of idle job procs: 0
08/04/22 02:17:42 Event: ULOG_JOB_TERMINATED for HTCondor Node ADD_HEADER (16.0.0) {08/04/22 02:17:38}
08/04/22 02:17:42 Number of idle job procs: 0
08/04/22 02:17:42 Node ADD_HEADER job proc (16.0.0) completed successfully.
08/04/22 02:17:42 Node ADD_HEADER job completed
08/04/22 02:17:42 DAG status: 0 (DAG_STATUS_OK)
08/04/22 02:17:42 Of 6 nodes total:
08/04/22 02:17:42  Done     Pre   Queued    Post   Ready   Un-Ready   Failed
08/04/22 02:17:42   ===     ===      ===     ===     ===        ===      ===
08/04/22 02:17:42     3       0        0       0       3          0        0
08/04/22 02:17:42 0 job proc(s) currently held
08/04/22 02:17:42 DAGMan Runtime Statistics: [ EventCycleTimeAvg = 0.007344378365410699; EventCycleTimeCount = 9.0; EventCycleTimeMax = 0.02417421340942383; EventCycleTimeMin = 2.002716064453125E-05; EventCycleTimeStd = 0.01043591470955089; EventCycleTimeSum = 0.06609940528869629; LogProcessCycleTimeAvg = 0.0005955696105957031; LogProcessCycleTimeCount = 5.0; LogProcessCycleTimeMax = 0.001067876815795898; LogProcessCycleTimeMin = 0.0003299713134765625; LogProcessCycleTimeStd = 0.0003434248944509494; LogProcessCycleTimeSum = 0.002977848052978516; SleepCycleTimeAvg = 5.005184517966376; SleepCycleTimeCount = 9.0; SleepCycleTimeMax = 5.00568699836731; SleepCycleTimeMin = 5.004859924316406; SleepCycleTimeStd = 0.0002359795160390957; SleepCycleTimeSum = 45.04666066169739; SubmitCycleTimeAvg = 0.006227636337280273; SubmitCycleTimeCount = 10.0; SubmitCycleTimeMax = 0.0238029956817627; SubmitCycleTimeMin = 8.821487426757812E-06; SubmitCycleTimeStd = 0.01015104747014871; SubmitCycleTimeSum = 0.06227636337280273; ]
08/04/22 02:17:47 Submitting HTCondor Node FILTER4 job(s)...
08/04/22 02:17:47 Submitting node FILTER4 from file filter4.condor using direct job submission
08/04/22 02:17:47 Submit warning: Submit:0:the line 'RETRY = 0' was unused by DAGMAN. Is it a typo?
|Submit:0:the line 'JOB = FILTER4' was unused by DAGMAN. Is it a typo?
08/04/22 02:17:47 	assigned HTCondor ID (17.0.0)
08/04/22 02:17:47 Submitting HTCondor Node FILTER5 job(s)...
08/04/22 02:17:47 Submitting node FILTER5 from file filter5.condor using direct job submission
08/04/22 02:17:47 Submit warning: Submit:0:the line 'RETRY = 0' was unused by DAGMAN. Is it a typo?
|Submit:0:the line 'JOB = FILTER5' was unused by DAGMAN. Is it a typo?
08/04/22 02:17:47 	assigned HTCondor ID (18.0.0)
08/04/22 02:17:47 Submitting HTCondor Node FILTER6 job(s)...
08/04/22 02:17:47 Submitting node FILTER6 from file filter6.condor using direct job submission
08/04/22 02:17:47 Submit warning: Submit:0:the line 'RETRY = 0' was unused by DAGMAN. Is it a typo?
|Submit:0:the line 'JOB = FILTER6' was unused by DAGMAN. Is it a typo?
08/04/22 02:17:47 	assigned HTCondor ID (19.0.0)
08/04/22 02:17:47 Just submitted 3 jobs this cycle...
08/04/22 02:17:47 DAG status: 0 (DAG_STATUS_OK)
08/04/22 02:17:47 Of 6 nodes total:
08/04/22 02:17:47  Done     Pre   Queued    Post   Ready   Un-Ready   Failed
08/04/22 02:17:47   ===     ===      ===     ===     ===        ===      ===
08/04/22 02:17:47     3       0        3       0       0          0        0
08/04/22 02:17:47 0 job proc(s) currently held
08/04/22 02:17:47 DAGMan Runtime Statistics: [ EventCycleTimeAvg = 0.006732630729675293; EventCycleTimeCount = 10.0; EventCycleTimeMax = 0.02417421340942383; EventCycleTimeMin = 2.002716064453125E-05; EventCycleTimeStd = 0.01002744950337529; EventCycleTimeSum = 0.06732630729675293; LogProcessCycleTimeAvg = 0.0005955696105957031; LogProcessCycleTimeCount = 5.0; LogProcessCycleTimeMax = 0.001067876815795898; LogProcessCycleTimeMin = 0.0003299713134765625; LogProcessCycleTimeStd = 0.0003434248944509494; LogProcessCycleTimeSum = 0.002977848052978516; SleepCycleTimeAvg = 5.004708862304687; SleepCycleTimeCount = 10.0; SleepCycleTimeMax = 5.00568699836731; SleepCycleTimeMin = 5.000427961349487; SleepCycleTimeStd = 0.001520520320684091; SleepCycleTimeSum = 50.04708862304688; SubmitCycleTimeAvg = 0.01137711785056374; SubmitCycleTimeCount = 11.0; SubmitCycleTimeMax = 0.06287193298339844; SubmitCycleTimeMin = 8.821487426757812E-06; SubmitCycleTimeStd = 0.01960683928325067; SubmitCycleTimeSum = 0.1251482963562012; ]
08/04/22 02:17:52 Currently monitoring 1 HTCondor log file(s)
08/04/22 02:17:52 Reassigning the id of job FILTER4 from (17.0.0) to (17.0.0)
08/04/22 02:17:52 Event: ULOG_SUBMIT for HTCondor Node FILTER4 (17.0.0) {08/04/22 02:17:47}
08/04/22 02:17:52 Number of idle job procs: 1
08/04/22 02:17:52 Reassigning the id of job FILTER5 from (18.0.0) to (18.0.0)
08/04/22 02:17:52 Event: ULOG_SUBMIT for HTCondor Node FILTER5 (18.0.0) {08/04/22 02:17:47}
08/04/22 02:17:52 Number of idle job procs: 2
08/04/22 02:17:52 Reassigning the id of job FILTER6 from (19.0.0) to (19.0.0)
08/04/22 02:17:52 Event: ULOG_SUBMIT for HTCondor Node FILTER6 (19.0.0) {08/04/22 02:17:47}
08/04/22 02:17:52 Number of idle job procs: 3
08/04/22 02:17:52 Event: ULOG_EXECUTE for HTCondor Node FILTER4 (17.0.0) {08/04/22 02:17:48}
08/04/22 02:17:52 Number of idle job procs: 2
08/04/22 02:17:52 Event: ULOG_JOB_TERMINATED for HTCondor Node FILTER4 (17.0.0) {08/04/22 02:17:48}
08/04/22 02:17:52 Number of idle job procs: 2
08/04/22 02:17:52 Node FILTER4 job proc (17.0.0) completed successfully.
08/04/22 02:17:52 Node FILTER4 job completed
08/04/22 02:17:52 Event: ULOG_EXECUTE for HTCondor Node FILTER5 (18.0.0) {08/04/22 02:17:49}
08/04/22 02:17:52 Number of idle job procs: 1
08/04/22 02:17:52 Event: ULOG_JOB_TERMINATED for HTCondor Node FILTER5 (18.0.0) {08/04/22 02:17:50}
08/04/22 02:17:52 Number of idle job procs: 1
08/04/22 02:17:52 Node FILTER5 job proc (18.0.0) completed successfully.
08/04/22 02:17:52 Node FILTER5 job completed
08/04/22 02:17:52 Event: ULOG_EXECUTE for HTCondor Node FILTER6 (19.0.0) {08/04/22 02:17:51}
08/04/22 02:17:52 Number of idle job procs: 0
08/04/22 02:17:52 Event: ULOG_JOB_TERMINATED for HTCondor Node FILTER6 (19.0.0) {08/04/22 02:17:51}
08/04/22 02:17:52 Number of idle job procs: 0
08/04/22 02:17:52 Node FILTER6 job proc (19.0.0) completed successfully.
08/04/22 02:17:52 Node FILTER6 job completed
08/04/22 02:17:52 DAG status: 0 (DAG_STATUS_OK)
08/04/22 02:17:52 Of 6 nodes total:
08/04/22 02:17:52  Done     Pre   Queued    Post   Ready   Un-Ready   Failed
08/04/22 02:17:52   ===     ===      ===     ===     ===        ===      ===
08/04/22 02:17:52     6       0        0       0       0          0        0
08/04/22 02:17:52 0 job proc(s) currently held
08/04/22 02:17:52 DAGMan Runtime Statistics: [ EventCycleTimeAvg = 0.0118947679346258; EventCycleTimeCount = 11.0; EventCycleTimeMax = 0.06351613998413086; EventCycleTimeMin = 2.002716064453125E-05; EventCycleTimeStd = 0.01958619500920339; EventCycleTimeSum = 0.1308424472808838; LogProcessCycleTimeAvg = 0.0007504622141520182; LogProcessCycleTimeCount = 6.0; LogProcessCycleTimeMax = 0.001524925231933594; LogProcessCycleTimeMin = 0.0003299713134765625; LogProcessCycleTimeStd = 0.0004881627170540981; LogProcessCycleTimeSum = 0.004502773284912109; SleepCycleTimeAvg = 5.004754131490534; SleepCycleTimeCount = 11.0; SleepCycleTimeMax = 5.00568699836731; SleepCycleTimeMin = 5.000427961349487; SleepCycleTimeStd = 0.001450284844611303; SleepCycleTimeSum = 55.05229544639587; SubmitCycleTimeAvg = 0.01043027639389038; SubmitCycleTimeCount = 12.0; SubmitCycleTimeMax = 0.06287193298339844; SubmitCycleTimeMin = 8.821487426757812E-06; SubmitCycleTimeStd = 0.01897994305243435; SubmitCycleTimeSum = 0.1251633167266846; ]
08/04/22 02:17:52 All jobs Completed!
08/04/22 02:17:52 Note: 0 total job deferrals because of -MaxJobs limit (0)
08/04/22 02:17:52 Note: 0 total job deferrals because of -MaxIdle limit (1000)
08/04/22 02:17:52 Note: 0 total job deferrals because of node category throttles
08/04/22 02:17:52 Note: 0 total PRE script deferrals because of -MaxPre limit (20) or DEFER
08/04/22 02:17:52 Note: 0 total POST script deferrals because of -MaxPost limit (20) or DEFER
08/04/22 02:17:52 Note: 0 total HOLD script deferrals because of -MaxHold limit (20) or DEFER
08/04/22 02:17:52 DAG status: 0 (DAG_STATUS_OK)
08/04/22 02:17:52 Of 6 nodes total:
08/04/22 02:17:52  Done     Pre   Queued    Post   Ready   Un-Ready   Failed
08/04/22 02:17:52   ===     ===      ===     ===     ===        ===      ===
08/04/22 02:17:52     6       0        0       0       0          0        0
08/04/22 02:17:52 0 job proc(s) currently held
08/04/22 02:17:52 DAGMan Runtime Statistics: [ EventCycleTimeAvg = 0.0118947679346258; EventCycleTimeCount = 11.0; EventCycleTimeMax = 0.06351613998413086; EventCycleTimeMin = 2.002716064453125E-05; EventCycleTimeStd = 0.01958619500920339; EventCycleTimeSum = 0.1308424472808838; LogProcessCycleTimeAvg = 0.0007504622141520182; LogProcessCycleTimeCount = 6.0; LogProcessCycleTimeMax = 0.001524925231933594; LogProcessCycleTimeMin = 0.0003299713134765625; LogProcessCycleTimeStd = 0.0004881627170540981; LogProcessCycleTimeSum = 0.004502773284912109; SleepCycleTimeAvg = 5.004754131490534; SleepCycleTimeCount = 11.0; SleepCycleTimeMax = 5.00568699836731; SleepCycleTimeMin = 5.000427961349487; SleepCycleTimeStd = 0.001450284844611303; SleepCycleTimeSum = 55.05229544639587; SubmitCycleTimeAvg = 0.01043027639389038; SubmitCycleTimeCount = 12.0; SubmitCycleTimeMax = 0.06287193298339844; SubmitCycleTimeMin = 8.821487426757812E-06; SubmitCycleTimeStd = 0.01897994305243435; SubmitCycleTimeSum = 0.1251633167266846; ]
08/04/22 02:17:52 Wrote metrics file dag.condor_dag.metrics.
08/04/22 02:17:52 DAGMan Runtime Statistics: [ EventCycleTimeAvg = 0.0118947679346258; EventCycleTimeCount = 11.0; EventCycleTimeMax = 0.06351613998413086; EventCycleTimeMin = 2.002716064453125E-05; EventCycleTimeStd = 0.01958619500920339; EventCycleTimeSum = 0.1308424472808838; LogProcessCycleTimeAvg = 0.0007504622141520182; LogProcessCycleTimeCount = 6.0; LogProcessCycleTimeMax = 0.001524925231933594; LogProcessCycleTimeMin = 0.0003299713134765625; LogProcessCycleTimeStd = 0.0004881627170540981; LogProcessCycleTimeSum = 0.004502773284912109; SleepCycleTimeAvg = 5.004754131490534; SleepCycleTimeCount = 11.0; SleepCycleTimeMax = 5.00568699836731; SleepCycleTimeMin = 5.000427961349487; SleepCycleTimeStd = 0.001450284844611303; SleepCycleTimeSum = 55.05229544639587; SubmitCycleTimeAvg = 0.01043027639389038; SubmitCycleTimeCount = 12.0; SubmitCycleTimeMax = 0.06287193298339844; SubmitCycleTimeMin = 8.821487426757812E-06; SubmitCycleTimeStd = 0.01897994305243435; SubmitCycleTimeSum = 0.1251633167266846; ]
08/04/22 02:17:52 **** condor_scheduniv_exec.13.0 (condor_DAGMAN) pid 120 EXITING WITH STATUS 0
